<?xml version="1.0" encoding="UTF-8"?>
<!-- Generated by org.testng.reporters.JUnitXMLReporter -->
<testsuite hostname="Cherita-Surface" name="Command line test" tests="5" failures="1" timestamp="27 Mar 2017 22:28:42 GMT" time="0.83" errors="0">
  <testcase name="addIntegerSets" time="0.025" classname="com.wellness.testcases.WellnessTest"/>
  <testcase name="average" time="0.0" classname="com.wellness.testcases.WellnessTest"/>
  <testcase name="findingMaxOIntegerSet" time="0.0" classname="com.wellness.testcases.WellnessTest"/>
  <testcase name="multiplicationOfZeroIntegersShouldReturnZero" time="0.0" classname="com.wellness.testcases.WellnessTest"/>
  <testcase name="testSendemail" time="0.801" classname="com.wellness.testcases.WellnessTest">
    <failure type="java.lang.Exception" message="test fail">
      <![CDATA[java.lang.Exception: test fail
	at com.wellness.testcases.WellnessTest.testSendemail(WellnessTest.java:34)
... Removed 33 stack frames]]>
    </failure>
  </testcase> <!-- testSendemail -->
</testsuite> <!-- Command line test -->
